<?xml version="1.0" encoding="UTF-8"?>
<!-- Generated by org.testng.reporters.JUnitReportReporter -->
<testsuite hostname="DESKTOP-5319NRR" failures="0" tests="1" name="testCases.LoginPage" time="22.013" errors="0" timestamp="2024-04-16T18:06:05 IST" skipped="0">
  <testcase classname="testCases.LoginPage" name="LoginMain" time="22.013"/>
  <system-out/>
</testsuite> <!-- testCases.LoginPage -->
